  imgui.cpp
C:\Users\HideyO\source\repos\6017_project1\6017_AI\AI_Project1\dev\inc\imgui\imgui.cpp(1,1): warning C4335: Mac file format detected: please convert the source file to either DOS or UNIX format
  imgui_demo.cpp
C:\Users\HideyO\source\repos\6017_project1\6017_AI\AI_Project1\dev\inc\imgui\imgui_demo.cpp(1,1): warning C4335: Mac file format detected: please convert the source file to either DOS or UNIX format
  imgui_draw.cpp
C:\Users\HideyO\source\repos\6017_project1\6017_AI\AI_Project1\dev\inc\imgui\imgui_draw.cpp(1,1): warning C4335: Mac file format detected: please convert the source file to either DOS or UNIX format
  imgui_impl_glfw.cpp
C:\Users\HideyO\source\repos\6017_project1\6017_AI\AI_Project1\dev\inc\imgui\imgui.h(1,1): warning C4335: Mac file format detected: please convert the source file to either DOS or UNIX format
  imgui_impl_opengl3.cpp
C:\Users\HideyO\source\repos\6017_project1\6017_AI\AI_Project1\dev\inc\imgui\imgui.h(1,1): warning C4335: Mac file format detected: please convert the source file to either DOS or UNIX format
  imgui_tables.cpp
C:\Users\HideyO\source\repos\6017_project1\6017_AI\AI_Project1\dev\inc\imgui\imgui.h(1,1): warning C4335: Mac file format detected: please convert the source file to either DOS or UNIX format
  imgui_widgets.cpp
C:\Users\HideyO\source\repos\6017_project1\6017_AI\AI_Project1\dev\inc\imgui\imgui.h(1,1): warning C4335: Mac file format detected: please convert the source file to either DOS or UNIX format
  cGUI.cpp
C:\Users\HideyO\source\repos\6017_project1\6017_AI\AI_Project1\dev\inc\imgui\imgui.h(1,1): warning C4335: Mac file format detected: please convert the source file to either DOS or UNIX format
  cLight.cpp
  cLightManager.cpp
  main.cpp
C:\Users\HideyO\source\repos\6017_project1\6017_AI\AI_Project1\dev\inc\imgui\imgui.h(1,1): warning C4335: Mac file format detected: please convert the source file to either DOS or UNIX format
C:\Users\HideyO\source\repos\6017_project1\6017_AI\AI_Project1\src\main.cpp(235,60): warning C4305: 'argument': truncation from 'double' to 'float'
C:\Users\HideyO\source\repos\6017_project1\6017_AI\AI_Project1\src\main.cpp(88,42): warning C4101: 'fragment_shader': unreferenced local variable
C:\Users\HideyO\source\repos\6017_project1\6017_AI\AI_Project1\src\main.cpp(88,27): warning C4101: 'vertex_shader': unreferenced local variable
C:\Users\HideyO\source\repos\6017_project1\6017_AI\AI_Project1\src\main.cpp(88,59): warning C4101: 'program': unreferenced local variable
C:\Users\HideyO\source\repos\6017_project1\6017_AI\AI_Project1\src\main.cpp(88,12): warning C4101: 'vertex_buffer': unreferenced local variable
C:\Users\HideyO\source\repos\6017_project1\6017_AI\AI_Project1\src\main.cpp(866,34): warning C4244: 'argument': conversion from 'double' to 'float', possible loss of data
  cMeshObj.cpp
  cBoundingBox.cpp
  cObject.cpp
  cPhysicSystem.cpp
  cTriangle.cpp
  math.cpp
  Vector3.cpp
  cShader.cpp
  cShaderManager.cpp
  Generating Code...
C:\Users\HideyO\source\repos\6017_project1\6017_AI\AI_Project1\src\GUI\cGUI.cpp(30): warning C4715: 'cGUI::ImGUI_init': not all control paths return a value
  Compiling...
  cShaderProgram.cpp
  C24BitBMPpixel.cpp
C:\Users\HideyO\source\repos\6017_project1\6017_AI\AI_Project1\src\Texture\C24BitBMPpixel.cpp(5,13): warning C4244: '=': conversion from 'float' to 'uchar', possible loss of data
C:\Users\HideyO\source\repos\6017_project1\6017_AI\AI_Project1\src\Texture\C24BitBMPpixel.cpp(6,15): warning C4244: '=': conversion from 'float' to 'uchar', possible loss of data
C:\Users\HideyO\source\repos\6017_project1\6017_AI\AI_Project1\src\Texture\C24BitBMPpixel.cpp(7,14): warning C4244: '=': conversion from 'float' to 'uchar', possible loss of data
C:\Users\HideyO\source\repos\6017_project1\6017_AI\AI_Project1\src\Texture\C24BitBMPpixel.cpp(23,13): warning C4244: '=': conversion from 'float' to 'uchar', possible loss of data
C:\Users\HideyO\source\repos\6017_project1\6017_AI\AI_Project1\src\Texture\C24BitBMPpixel.cpp(24,15): warning C4244: '=': conversion from 'float' to 'uchar', possible loss of data
C:\Users\HideyO\source\repos\6017_project1\6017_AI\AI_Project1\src\Texture\C24BitBMPpixel.cpp(25,14): warning C4244: '=': conversion from 'float' to 'uchar', possible loss of data
C:\Users\HideyO\source\repos\6017_project1\6017_AI\AI_Project1\src\Texture\C24BitBMPpixel.cpp(26,15): warning C4244: '=': conversion from 'float' to 'uchar', possible loss of data
C:\Users\HideyO\source\repos\6017_project1\6017_AI\AI_Project1\src\Texture\C24BitBMPpixel.cpp(34,15): warning C4244: '=': conversion from 'float' to 'uchar', possible loss of data
  cTextureFromBMP.cpp
  cTextureManager.cpp
  time.cpp
  cModelDrawInfo.cpp
  cVAOManager.cpp
C:\Users\HideyO\source\repos\6017_project1\6017_AI\AI_Project1\src\VAOManager\cVAOManager.cpp(496,49): warning C4305: 'argument': truncation from 'double' to 'T'
          with
          [
              T=float
          ]
C:\Users\HideyO\source\repos\6017_project1\6017_AI\AI_Project1\src\VAOManager\cVAOManager.cpp(506,48): warning C4305: 'argument': truncation from 'double' to 'T'
          with
          [
              T=float
          ]
  cXML.cpp
  Generating Code...
  glad.c
pugixml.lib(pugixml.obj) : warning LNK4099: PDB '' was not found with 'pugixml.lib(pugixml.obj)' or at ''; linking object as if no debug info
  AI_Project1.vcxproj -> C:\Users\HideyO\source\repos\6017_project1\6017_AI\x64\Debug\AI_Project1.exe
